<?xml version="1.0" ?><testsuite name="test.java.watermgmt.ApartmentBaseTest" time="0.098" timestamp="2022-03-23T15:55:32" tests="16" failures="0" skipped="0" aborted="0"><properties><property name="ant.library.dir" value="apache-ant-1.10.12/lib"></property><property name="ant.file.type" value="file"></property><property name="java.specification.version" value="17"></property><property name="sun.jnu.encoding" value="UTF-8"></property><property name="java.class.path" value="apache-ant-1.10.12/lib/ant-launcher.jar:/home/navin/eclipse-workspace/geektrust/geektrust_water_management/apache-ant-1.10.12/lib/ant-apache-regexp.jar:/home/navin/eclipse-workspace/geektrust/geektrust_water_management/apache-ant-1.10.12/lib/ant-jsch.jar:/home/navin/eclipse-workspace/geektrust/geektrust_water_management/apache-ant-1.10.12/lib/ant-launcher.jar:/home/navin/eclipse-workspace/geektrust/geektrust_water_management/apache-ant-1.10.12/lib/ant-apache-log4j.jar:/home/navin/eclipse-workspace/geektrust/geektrust_water_management/apache-ant-1.10.12/lib/ant-testutil.jar:/home/navin/eclipse-workspace/geektrust/geektrust_water_management/apache-ant-1.10.12/lib/ant-jai.jar:/home/navin/eclipse-workspace/geektrust/geektrust_water_management/apache-ant-1.10.12/lib/ant-antlr.jar:/home/navin/eclipse-workspace/geektrust/geektrust_water_management/apache-ant-1.10.12/lib/ant-imageio.jar:/home/navin/eclipse-workspace/geektrust/geektrust_water_management/apache-ant-1.10.12/lib/ant-xz.jar:/home/navin/eclipse-workspace/geektrust/geektrust_water_management/apache-ant-1.10.12/lib/ant-junitlauncher.jar:/home/navin/eclipse-workspace/geektrust/geektrust_water_management/apache-ant-1.10.12/lib/ant-commons-net.jar:/home/navin/eclipse-workspace/geektrust/geektrust_water_management/apache-ant-1.10.12/lib/ant-junit4.jar:/home/navin/eclipse-workspace/geektrust/geektrust_water_management/apache-ant-1.10.12/lib/ant-apache-resolver.jar:/home/navin/eclipse-workspace/geektrust/geektrust_water_management/apache-ant-1.10.12/lib/ant-netrexx.jar:/home/navin/eclipse-workspace/geektrust/geektrust_water_management/apache-ant-1.10.12/lib/junit-platform-console-standalone-1.8.2.jar:/home/navin/eclipse-workspace/geektrust/geektrust_water_management/apache-ant-1.10.12/lib/ant-javamail.jar:/home/navin/eclipse-workspace/geektrust/geektrust_water_management/apache-ant-1.10.12/lib/ant-junit.jar:/home/navin/eclipse-workspace/geektrust/geektrust_water_management/apache-ant-1.10.12/lib/ant-jmf.jar:/home/navin/eclipse-workspace/geektrust/geektrust_water_management/apache-ant-1.10.12/lib/ant-apache-bsf.jar:/home/navin/eclipse-workspace/geektrust/geektrust_water_management/apache-ant-1.10.12/lib/ant-apache-bcel.jar:/home/navin/eclipse-workspace/geektrust/geektrust_water_management/apache-ant-1.10.12/lib/ant-jdepend.jar:/home/navin/eclipse-workspace/geektrust/geektrust_water_management/apache-ant-1.10.12/lib/ant-swing.jar:/home/navin/eclipse-workspace/geektrust/geektrust_water_management/apache-ant-1.10.12/lib/ant-apache-xalan2.jar:/home/navin/eclipse-workspace/geektrust/geektrust_water_management/apache-ant-1.10.12/lib/ant-commons-logging.jar:/home/navin/eclipse-workspace/geektrust/geektrust_water_management/apache-ant-1.10.12/lib/ant.jar:/home/navin/eclipse-workspace/geektrust/geektrust_water_management/apache-ant-1.10.12/lib/ant-apache-oro.jar"></property><property name="java.vm.vendor" value="Private Build"></property><property name="sun.arch.data.model" value="64"></property><property name="java.vendor.url" value="Unknown"></property><property name="java.vm.specification.version" value="17"></property><property name="os.name" value="Linux"></property><property name="sun.java.launcher" value="SUN_STANDARD"></property><property name="user.country" value="US"></property><property name="sun.boot.library.path" value="/usr/lib/jvm/java-17-openjdk-amd64/lib"></property><property name="sun.java.command" value="org.apache.tools.ant.launch.Launcher -cp  -f antjacocobuild.xml report"></property><property name="jdk.debug" value="release"></property><property name="sun.cpu.endian" value="little"></property><property name="user.home" value="/home/navin"></property><property name="user.language" value="en"></property><property name="sun.stderr.encoding" value="UTF-8"></property><property name="java.specification.vendor" value="Oracle Corporation"></property><property name="java.version.date" value="2022-01-18"></property><property name="java.home" value="/usr/lib/jvm/java-17-openjdk-amd64"></property><property name="file.separator" value="/"></property><property name="basedir" value="/home/navin/eclipse-workspace/geektrust/geektrust_water_management"></property><property name="java.vm.compressedOopsMode" value="32-bit"></property><property name="line.separator" value="
"></property><property name="sun.stdout.encoding" value="UTF-8"></property><property name="ant.java.version" value="17"></property><property name="java.specification.name" value="Java Platform API Specification"></property><property name="java.vm.specification.vendor" value="Oracle Corporation"></property><property name="sun.management.compiler" value="HotSpot 64-Bit Tiered Compilers"></property><property name="java.runtime.version" value="17.0.2+8-Ubuntu-120.04"></property><property name="user.name" value="navin"></property><property name="ant.file" value="/home/navin/eclipse-workspace/geektrust/geektrust_water_management/antjacocobuild.xml"></property><property name="path.separator" value=":"></property><property name="os.version" value="5.11.0-36-generic"></property><property name="java.runtime.name" value="OpenJDK Runtime Environment"></property><property name="file.encoding" value="UTF-8"></property><property name="ant.project.invoked-targets" value="report"></property><property name="java.vm.name" value="OpenJDK 64-Bit Server VM"></property><property name="ant.core.lib" value="/home/navin/eclipse-workspace/geektrust/geektrust_water_management/apache-ant-1.10.12/lib/ant.jar"></property><property name="java.vendor.url.bug" value="Unknown"></property><property name="java.io.tmpdir" value="/tmp"></property><property name="java.version" value="17.0.2"></property><property name="user.dir" value="/home/navin/eclipse-workspace/geektrust/geektrust_water_management"></property><property name="os.arch" value="amd64"></property><property name="java.vm.specification.name" value="Java Virtual Machine Specification"></property><property name="ant.home" value="apache-ant-1.10.12"></property><property name="native.encoding" value="UTF-8"></property><property name="ant.version" value="Apache Ant(TM) version 1.10.12 compiled on October 13 2021"></property><property name="java.library.path" value="/usr/java/packages/lib:/usr/lib/x86_64-linux-gnu/jni:/lib/x86_64-linux-gnu:/usr/lib/x86_64-linux-gnu:/usr/lib/jni:/lib:/usr/lib"></property><property name="java.vendor" value="Private Build"></property><property name="java.vm.info" value="mixed mode, sharing"></property><property name="java.vm.version" value="17.0.2+8-Ubuntu-120.04"></property><property name="sun.io.unicode.encoding" value="UnicodeLittle"></property><property name="java.class.version" value="61.0"></property><property name="ant.project.default-target" value="rebuild"></property></properties><testcase classname="test.java.watermgmt.ApartmentBaseTest" name="testGetDaysMonth()" time="0.002"></testcase><testcase classname="test.java.watermgmt.ApartmentBaseTest" name="testApartmentBaseIntegerInteger()" time="0.003"></testcase><testcase classname="test.java.watermgmt.ApartmentBaseTest" name="testAddPeople()" time="0.002"></testcase><testcase classname="test.java.watermgmt.ApartmentBaseTest" name="testApartmentBaseIntegerIntegerString()" time="0.002"></testcase><testcase classname="test.java.watermgmt.ApartmentBaseTest" name="testGetLitresPerson()" time="0.002"></testcase><testcase classname="test.java.watermgmt.ApartmentBaseTest" name="testGetDefaultPeople()" time="0.002"></testcase><testcase classname="test.java.watermgmt.ApartmentBaseTest" name="testGetRatioStr()" time="0.004"></testcase><testcase classname="test.java.watermgmt.ApartmentBaseTest" name="testApartmentBaseIntegerIntegerDouble()" time="0.002"></testcase><testcase classname="test.java.watermgmt.ApartmentBaseTest" name="testGetRatio()" time="0.002"></testcase><testcase classname="test.java.watermgmt.ApartmentBaseTest" name="testGetTotalLitres()" time="0.002"></testcase><testcase classname="test.java.watermgmt.ApartmentBaseTest" name="testCheckValidType()" time="0.002"></testcase><testcase classname="test.java.watermgmt.ApartmentBaseTest" name="testClone()" time="0.002"></testcase><testcase classname="test.java.watermgmt.ApartmentBaseTest" name="testEqualsObject()" time="0.002"></testcase><testcase classname="test.java.watermgmt.ApartmentBaseTest" name="testHashCode()" time="0.002"></testcase><testcase classname="test.java.watermgmt.ApartmentBaseTest" name="testGetDefaultLitres()" time="0.002"></testcase><testcase classname="test.java.watermgmt.ApartmentBaseTest" name="testGetCost()" time="0.006"></testcase></testsuite>