<?xml version="1.0" encoding="UTF-8"?>
<testsuite name="JUnit Vintage" tests="0" skipped="0" failures="0" errors="0" time="0.008" hostname="navin-Aspire-xxxx" timestamp="2022-03-23T21:25:38">
<properties>
<property name="file.encoding" value="UTF-8"/>
<property name="file.separator" value="/"/>
<property name="java.class.path" value="/home/navin/eclipse-workspace/geektrust/geektrust_water_management/build/main:/home/navin/eclipse-workspace/geektrust/geektrust_water_management/build/test:/home/navin/eclipse-workspace/geektrust/geektrust_water_management/apache-ant-1.10.12/lib/ant-antlr.jar:/home/navin/eclipse-workspace/geektrust/geektrust_water_management/apache-ant-1.10.12/lib/ant-apache-bcel.jar:/home/navin/eclipse-workspace/geektrust/geektrust_water_management/apache-ant-1.10.12/lib/ant-apache-bsf.jar:/home/navin/eclipse-workspace/geektrust/geektrust_water_management/apache-ant-1.10.12/lib/ant-apache-log4j.jar:/home/navin/eclipse-workspace/geektrust/geektrust_water_management/apache-ant-1.10.12/lib/ant-apache-oro.jar:/home/navin/eclipse-workspace/geektrust/geektrust_water_management/apache-ant-1.10.12/lib/ant-apache-regexp.jar:/home/navin/eclipse-workspace/geektrust/geektrust_water_management/apache-ant-1.10.12/lib/ant-apache-resolver.jar:/home/navin/eclipse-workspace/geektrust/geektrust_water_management/apache-ant-1.10.12/lib/ant-apache-xalan2.jar:/home/navin/eclipse-workspace/geektrust/geektrust_water_management/apache-ant-1.10.12/lib/ant-commons-logging.jar:/home/navin/eclipse-workspace/geektrust/geektrust_water_management/apache-ant-1.10.12/lib/ant-commons-net.jar:/home/navin/eclipse-workspace/geektrust/geektrust_water_management/apache-ant-1.10.12/lib/ant-imageio.jar:/home/navin/eclipse-workspace/geektrust/geektrust_water_management/apache-ant-1.10.12/lib/ant-jai.jar:/home/navin/eclipse-workspace/geektrust/geektrust_water_management/apache-ant-1.10.12/lib/ant-javamail.jar:/home/navin/eclipse-workspace/geektrust/geektrust_water_management/apache-ant-1.10.12/lib/ant-jdepend.jar:/home/navin/eclipse-workspace/geektrust/geektrust_water_management/apache-ant-1.10.12/lib/ant-jmf.jar:/home/navin/eclipse-workspace/geektrust/geektrust_water_management/apache-ant-1.10.12/lib/ant-jsch.jar:/home/navin/eclipse-workspace/geektrust/geektrust_water_management/apache-ant-1.10.12/lib/ant-junit.jar:/home/navin/eclipse-workspace/geektrust/geektrust_water_management/apache-ant-1.10.12/lib/ant-junit4.jar:/home/navin/eclipse-workspace/geektrust/geektrust_water_management/apache-ant-1.10.12/lib/ant-junitlauncher.jar:/home/navin/eclipse-workspace/geektrust/geektrust_water_management/apache-ant-1.10.12/lib/ant-launcher.jar:/home/navin/eclipse-workspace/geektrust/geektrust_water_management/apache-ant-1.10.12/lib/ant-netrexx.jar:/home/navin/eclipse-workspace/geektrust/geektrust_water_management/apache-ant-1.10.12/lib/ant-swing.jar:/home/navin/eclipse-workspace/geektrust/geektrust_water_management/apache-ant-1.10.12/lib/ant-testutil.jar:/home/navin/eclipse-workspace/geektrust/geektrust_water_management/apache-ant-1.10.12/lib/ant-xz.jar:/home/navin/eclipse-workspace/geektrust/geektrust_water_management/apache-ant-1.10.12/lib/ant.jar:/home/navin/eclipse-workspace/geektrust/geektrust_water_management/apache-ant-1.10.12/lib/junit-platform-console-standalone-1.8.2.jar"/>
<property name="java.class.version" value="61.0"/>
<property name="java.home" value="/usr/lib/jvm/java-17-openjdk-amd64"/>
<property name="java.io.tmpdir" value="/tmp"/>
<property name="java.library.path" value="/usr/java/packages/lib:/usr/lib/x86_64-linux-gnu/jni:/lib/x86_64-linux-gnu:/usr/lib/x86_64-linux-gnu:/usr/lib/jni:/lib:/usr/lib"/>
<property name="java.runtime.name" value="OpenJDK Runtime Environment"/>
<property name="java.runtime.version" value="17.0.2+8-Ubuntu-120.04"/>
<property name="java.specification.name" value="Java Platform API Specification"/>
<property name="java.specification.vendor" value="Oracle Corporation"/>
<property name="java.specification.version" value="17"/>
<property name="java.vendor" value="Private Build"/>
<property name="java.vendor.url" value="Unknown"/>
<property name="java.vendor.url.bug" value="Unknown"/>
<property name="java.version" value="17.0.2"/>
<property name="java.version.date" value="2022-01-18"/>
<property name="java.vm.compressedOopsMode" value="32-bit"/>
<property name="java.vm.info" value="mixed mode, sharing"/>
<property name="java.vm.name" value="OpenJDK 64-Bit Server VM"/>
<property name="java.vm.specification.name" value="Java Virtual Machine Specification"/>
<property name="java.vm.specification.vendor" value="Oracle Corporation"/>
<property name="java.vm.specification.version" value="17"/>
<property name="java.vm.vendor" value="Private Build"/>
<property name="java.vm.version" value="17.0.2+8-Ubuntu-120.04"/>
<property name="jdk.debug" value="release"/>
<property name="line.separator" value="
"/>
<property name="native.encoding" value="UTF-8"/>
<property name="os.arch" value="amd64"/>
<property name="os.name" value="Linux"/>
<property name="os.version" value="5.11.0-36-generic"/>
<property name="path.separator" value=":"/>
<property name="sun.arch.data.model" value="64"/>
<property name="sun.boot.library.path" value="/usr/lib/jvm/java-17-openjdk-amd64/lib"/>
<property name="sun.cpu.endian" value="little"/>
<property name="sun.io.unicode.encoding" value="UnicodeLittle"/>
<property name="sun.java.command" value="org.junit.platform.console.ConsoleLauncher --scan-classpath --reports-dir build/test-report"/>
<property name="sun.java.launcher" value="SUN_STANDARD"/>
<property name="sun.jnu.encoding" value="UTF-8"/>
<property name="sun.management.compiler" value="HotSpot 64-Bit Tiered Compilers"/>
<property name="user.country" value="US"/>
<property name="user.dir" value="/home/navin/eclipse-workspace/geektrust/geektrust_water_management"/>
<property name="user.home" value="/home/navin"/>
<property name="user.language" value="en"/>
<property name="user.name" value="navin"/>
<property name="user.timezone" value="Asia/Kolkata"/>
</properties>
<system-out><![CDATA[
unique-id: [engine:junit-vintage]
display-name: JUnit Vintage
]]></system-out>
</testsuite>
