<?xml version="1.0" encoding="UTF-8"?>
<testsuite name="test.java.watermgmt.SlabIntervalTest" tests="4" skipped="0" failures="0" errors="0" timestamp="2022-03-28T09:33:06" hostname="navin-Aspire-xxxx" time="0.027">
  <properties/>
  <testcase name="testGetCost()" classname="test.java.watermgmt.SlabIntervalTest" time="0.003"/>
  <testcase name="testGetRate()" classname="test.java.watermgmt.SlabIntervalTest" time="0.007"/>
  <testcase name="testSlabInterval()" classname="test.java.watermgmt.SlabIntervalTest" time="0.004"/>
  <testcase name="testGetEnd()" classname="test.java.watermgmt.SlabIntervalTest" time="0.003"/>
  <system-out><![CDATA[]]></system-out>
  <system-err><![CDATA[]]></system-err>
</testsuite>
