<?xml version="1.0" encoding="UTF-8"?>
<testsuite name="test.java.watermgmt.TankerRateTest" tests="2" skipped="0" failures="0" errors="0" timestamp="2022-03-28T09:33:06" hostname="navin-Aspire-xxxx" time="0.008">
  <properties/>
  <testcase name="testGetRate()" classname="test.java.watermgmt.TankerRateTest" time="0.004"/>
  <testcase name="testGetLitres()" classname="test.java.watermgmt.TankerRateTest" time="0.002"/>
  <system-out><![CDATA[]]></system-out>
  <system-err><![CDATA[]]></system-err>
</testsuite>
