<?xml version="1.0" encoding="UTF-8"?>
<testsuite name="test.java.watermgmt.AddGuestsCommandTest" tests="2" skipped="0" failures="0" errors="0" timestamp="2022-03-28T09:33:06" hostname="navin-Aspire-xxxx" time="0.135">
  <properties/>
  <testcase name="allCommands()" classname="test.java.watermgmt.AddGuestsCommandTest" time="0.124"/>
  <testcase name="testParseCommand()" classname="test.java.watermgmt.AddGuestsCommandTest" time="0.007"/>
  <system-out><![CDATA[4200 15100
4500 13450
]]></system-out>
  <system-err><![CDATA[]]></system-err>
</testsuite>
