<?xml version="1.0" encoding="UTF-8"?>
<testsuite name="test.java.watermgmt.Apartment3BHKTest" tests="6" skipped="0" failures="0" errors="0" timestamp="2022-03-28T09:33:06" hostname="navin-Aspire-xxxx" time="0.047">
  <properties/>
  <testcase name="testGetDefaultLitres()" classname="test.java.watermgmt.Apartment3BHKTest" time="0.004"/>
  <testcase name="testAllCommands()" classname="test.java.watermgmt.Apartment3BHKTest" time="0.005"/>
  <testcase name="testCloneIntegerDouble()" classname="test.java.watermgmt.Apartment3BHKTest" time="0.004"/>
  <testcase name="testApartment3BHKDefaultCost()" classname="test.java.watermgmt.Apartment3BHKTest" time="0.004"/>
  <testcase name="testApartment3BHKIntegerDouble()" classname="test.java.watermgmt.Apartment3BHKTest" time="0.006"/>
  <testcase name="testApartment3BHKIntegerString()" classname="test.java.watermgmt.Apartment3BHKTest" time="0.009"/>
  <system-out><![CDATA[]]></system-out>
  <system-err><![CDATA[]]></system-err>
</testsuite>
