<?xml version='1.0' encoding='UTF-8'?><testsuite name="test.java.watermgmt.CorporationRateTest" time="0.035" timestamp="2022-03-24T06:18:42" tests="2" failures="0" skipped="0" aborted="0"><properties><property name="ant.library.dir" value="./apache-ant-1.10.12//lib" /><property name="ant.file.type" value="file" /><property name="build.testresults" value="/home/navin/eclipse-workspace/geektrust/geektrust_water_management/clover-ant-4.4.1/tutorial/build/test-report" /><property name="java.specification.version" value="17" /><property name="ant.project.name" value="Clover_Tutorial" /><property name="junit-jupiter-api.jar" value="/home/navin/eclipse-workspace/geektrust/geektrust_water_management/lib/junit-jupiter-api-5.8.2.jar" /><property name="sun.jnu.encoding" value="UTF-8" /><property name="java.class.path" value="./apache-ant-1.10.12//lib/ant-launcher.jar:/home/navin/.ant/lib/clover.jar:/home/navin/eclipse-workspace/geektrust/geektrust_water_management/clover-ant-4.4.1/tutorial/./apache-ant-1.10.12/lib/ant-apache-regexp.jar:/home/navin/eclipse-workspace/geektrust/geektrust_water_management/clover-ant-4.4.1/tutorial/./apache-ant-1.10.12/lib/ant-jsch.jar:/home/navin/eclipse-workspace/geektrust/geektrust_water_management/clover-ant-4.4.1/tutorial/./apache-ant-1.10.12/lib/ant-launcher.jar:/home/navin/eclipse-workspace/geektrust/geektrust_water_management/clover-ant-4.4.1/tutorial/./apache-ant-1.10.12/lib/ant-apache-log4j.jar:/home/navin/eclipse-workspace/geektrust/geektrust_water_management/clover-ant-4.4.1/tutorial/./apache-ant-1.10.12/lib/ant-testutil.jar:/home/navin/eclipse-workspace/geektrust/geektrust_water_management/clover-ant-4.4.1/tutorial/./apache-ant-1.10.12/lib/ant-jai.jar:/home/navin/eclipse-workspace/geektrust/geektrust_water_management/clover-ant-4.4.1/tutorial/./apache-ant-1.10.12/lib/ant-antlr.jar:/home/navin/eclipse-workspace/geektrust/geektrust_water_management/clover-ant-4.4.1/tutorial/./apache-ant-1.10.12/lib/ant-imageio.jar:/home/navin/eclipse-workspace/geektrust/geektrust_water_management/clover-ant-4.4.1/tutorial/./apache-ant-1.10.12/lib/ant-xz.jar:/home/navin/eclipse-workspace/geektrust/geektrust_water_management/clover-ant-4.4.1/tutorial/./apache-ant-1.10.12/lib/ant-junitlauncher.jar:/home/navin/eclipse-workspace/geektrust/geektrust_water_management/clover-ant-4.4.1/tutorial/./apache-ant-1.10.12/lib/ant-commons-net.jar:/home/navin/eclipse-workspace/geektrust/geektrust_water_management/clover-ant-4.4.1/tutorial/./apache-ant-1.10.12/lib/ant-junit4.jar:/home/navin/eclipse-workspace/geektrust/geektrust_water_management/clover-ant-4.4.1/tutorial/./apache-ant-1.10.12/lib/ant-apache-resolver.jar:/home/navin/eclipse-workspace/geektrust/geektrust_water_management/clover-ant-4.4.1/tutorial/./apache-ant-1.10.12/lib/ant-netrexx.jar:/home/navin/eclipse-workspace/geektrust/geektrust_water_management/clover-ant-4.4.1/tutorial/./apache-ant-1.10.12/lib/junit-platform-console-standalone-1.8.2.jar:/home/navin/eclipse-workspace/geektrust/geektrust_water_management/clover-ant-4.4.1/tutorial/./apache-ant-1.10.12/lib/ant-javamail.jar:/home/navin/eclipse-workspace/geektrust/geektrust_water_management/clover-ant-4.4.1/tutorial/./apache-ant-1.10.12/lib/ant-junit.jar:/home/navin/eclipse-workspace/geektrust/geektrust_water_management/clover-ant-4.4.1/tutorial/./apache-ant-1.10.12/lib/ant-jmf.jar:/home/navin/eclipse-workspace/geektrust/geektrust_water_management/clover-ant-4.4.1/tutorial/./apache-ant-1.10.12/lib/ant-apache-bsf.jar:/home/navin/eclipse-workspace/geektrust/geektrust_water_management/clover-ant-4.4.1/tutorial/./apache-ant-1.10.12/lib/ant-apache-bcel.jar:/home/navin/eclipse-workspace/geektrust/geektrust_water_management/clover-ant-4.4.1/tutorial/./apache-ant-1.10.12/lib/ant-jdepend.jar:/home/navin/eclipse-workspace/geektrust/geektrust_water_management/clover-ant-4.4.1/tutorial/./apache-ant-1.10.12/lib/ant-swing.jar:/home/navin/eclipse-workspace/geektrust/geektrust_water_management/clover-ant-4.4.1/tutorial/./apache-ant-1.10.12/lib/ant-apache-xalan2.jar:/home/navin/eclipse-workspace/geektrust/geektrust_water_management/clover-ant-4.4.1/tutorial/./apache-ant-1.10.12/lib/ant-commons-logging.jar:/home/navin/eclipse-workspace/geektrust/geektrust_water_management/clover-ant-4.4.1/tutorial/./apache-ant-1.10.12/lib/ant.jar:/home/navin/eclipse-workspace/geektrust/geektrust_water_management/clover-ant-4.4.1/tutorial/./apache-ant-1.10.12/lib/ant-apache-oro.jar" /><property name="java.vm.vendor" value="Private Build" /><property name="sun.arch.data.model" value="64" /><property name="build.classes" value="/home/navin/eclipse-workspace/geektrust/geektrust_water_management/clover-ant-4.4.1/tutorial/build/main" /><property name="java.vendor.url" value="Unknown" /><property name="os.name" value="Linux" /><property name="java.vm.specification.version" value="17" /><property name="junit-platform-engine.jar" value="/home/navin/eclipse-workspace/geektrust/geektrust_water_management/lib/junit-platform-engine-1.8.2.jar" /><property name="user.country" value="US" /><property name="sun.java.launcher" value="SUN_STANDARD" /><property name="sun.boot.library.path" value="/usr/lib/jvm/java-17-openjdk-amd64/lib" /><property name="sun.java.command" value="org.apache.tools.ant.launch.Launcher -cp  -f build_quick.xml" /><property name="jdk.debug" value="release" /><property name="sun.cpu.endian" value="little" /><property name="clover.db" value="/home/navin/eclipse-workspace/geektrust/geektrust_water_management/clover-ant-4.4.1/tutorial/build/clover/db/clover.db" /><property name="user.home" value="/home/navin" /><property name="user.language" value="en" /><property name="java.specification.vendor" value="Oracle Corporation" /><property name="java.version.date" value="2022-01-18" /><property name="java.home" value="/usr/lib/jvm/java-17-openjdk-amd64" /><property name="file.separator" value="/" /><property name="basedir" value="/home/navin/eclipse-workspace/geektrust/geektrust_water_management/clover-ant-4.4.1/tutorial" /><property name="hamcrest.jar" value="/home/navin/eclipse-workspace/geektrust/geektrust_water_management/clover-ant-4.4.1/tutorial/lib/hamcrest-2.2.jar" /><property name="java.vm.compressedOopsMode" value="32-bit" /><property name="line.separator" value="&#xa;" /><property name="ant.java.version" value="17" /><property name="java.vm.specification.vendor" value="Oracle Corporation" /><property name="clover.jarpath" value="/home/navin/.ant/lib/clover.jar" /><property name="java.specification.name" value="Java Platform API Specification" /><property name="junit-jupiter-engine.jar" value="/home/navin/eclipse-workspace/geektrust/geektrust_water_management/lib/junit-jupiter-engine-5.8.2.jar" /><property name="sun.management.compiler" value="HotSpot 64-Bit Tiered Compilers" /><property name="java.runtime.version" value="17.0.2+8-Ubuntu-120.04" /><property name="user.name" value="navin" /><property name="build.testclasses" value="/home/navin/eclipse-workspace/geektrust/geektrust_water_management/clover-ant-4.4.1/tutorial/build/test" /><property name="ant.file" value="/home/navin/eclipse-workspace/geektrust/geektrust_water_management/clover-ant-4.4.1/tutorial/build_quick.xml" /><property name="path.separator" value=":" /><property name="os.version" value="5.11.0-36-generic" /><property name="java.runtime.name" value="OpenJDK Runtime Environment" /><property name="file.encoding" value="UTF-8" /><property name="ant.project.invoked-targets" value="clover.report" /><property name="junit-platform-launcher.jar" value="/home/navin/eclipse-workspace/geektrust/geektrust_water_management/lib/junit-platform-launcher-1.8.2.jar" /><property name="ant.file.Clover_Tutorial" value="/home/navin/eclipse-workspace/geektrust/geektrust_water_management/clover-ant-4.4.1/tutorial/build_quick.xml" /><property name="clover.jar" value="/home/navin/.ant/lib/clover.jar" /><property name="java.vm.name" value="OpenJDK 64-Bit Server VM" /><property name="ant.core.lib" value="/home/navin/eclipse-workspace/geektrust/geektrust_water_management/clover-ant-4.4.1/tutorial/./apache-ant-1.10.12/lib/ant.jar" /><property name="java.vendor.url.bug" value="Unknown" /><property name="java.io.tmpdir" value="/tmp" /><property name="java.version" value="17.0.2" /><property name="user.dir" value="/home/navin/eclipse-workspace/geektrust/geektrust_water_management/clover-ant-4.4.1/tutorial" /><property name="os.arch" value="amd64" /><property name="java.vm.specification.name" value="Java Virtual Machine Specification" /><property name="ant.home" value="./apache-ant-1.10.12/" /><property name="ant.file.type.Clover_Tutorial" value="file" /><property name="native.encoding" value="UTF-8" /><property name="ant.version" value="Apache Ant(TM) version 1.10.12 compiled on October 13 2021" /><property name="java.library.path" value="/usr/java/packages/lib:/usr/lib/x86_64-linux-gnu/jni:/lib/x86_64-linux-gnu:/usr/lib/x86_64-linux-gnu:/usr/lib/jni:/lib:/usr/lib" /><property name="java.vendor" value="Private Build" /><property name="java.vm.info" value="mixed mode, sharing" /><property name="java.vm.version" value="17.0.2+8-Ubuntu-120.04" /><property name="sun.io.unicode.encoding" value="UnicodeLittle" /><property name="clover.initstring" value="/home/navin/eclipse-workspace/geektrust/geektrust_water_management/clover-ant-4.4.1/tutorial/build/clover/db/clover.db" /><property name="junit-platform-commons.jar" value="/home/navin/eclipse-workspace/geektrust/geektrust_water_management/lib/junit-platform-commons-1.8.2.jar" /><property name="java.class.version" value="61.0" /><property name="build.compiler" value="com.atlassian.clover.ant.taskdefs.CloverCompilerAdapter" /><property name="ant.project.default-target" value="clover.report" /></properties><testcase classname="test.java.watermgmt.CorporationRateTest" name="testGetRate()" time="0.007" /><testcase classname="test.java.watermgmt.CorporationRateTest" name="testGetLitres()" time="0.006" /></testsuite>